<?xml version="1.0" encoding="UTF-8"?>
<testng-results ignored="0" total="1" passed="1" failed="0" skipped="0">
  <reporter-output>
  </reporter-output>
  <suite started-at="2026-03-26T13:14:03 IST" name="Surefire suite" finished-at="2026-03-26T13:14:40 IST" duration-ms="36673">
    <groups>
    </groups>
    <test started-at="2026-03-26T13:14:03 IST" name="Surefire test" finished-at="2026-03-26T13:14:40 IST" duration-ms="36673">
      <class name="testCaseRepo.TC_001">
        <test-method is-config="true" signature="bcConfig()[pri:0, instance:testCaseRepo.TC_001@4b5a5ed1]" started-at="2026-03-26T13:14:03 IST" name="bcConfig" finished-at="2026-03-26T13:14:14 IST" duration-ms="11225" status="PASS">
          <reporter-output>
          </reporter-output>
        </test-method> <!-- bcConfig -->
        <test-method is-config="true" signature="bmConfig()[pri:0, instance:testCaseRepo.TC_001@4b5a5ed1]" started-at="2026-03-26T13:14:14 IST" name="bmConfig" finished-at="2026-03-26T13:14:16 IST" duration-ms="2094" status="PASS">
          <reporter-output>
          </reporter-output>
        </test-method> <!-- bmConfig -->
        <test-method signature="LE_001()[pri:0, instance:testCaseRepo.TC_001@4b5a5ed1]" started-at="2026-03-26T13:14:16 IST" name="LE_001" finished-at="2026-03-26T13:14:39 IST" duration-ms="22170" status="PASS">
          <reporter-output>
          </reporter-output>
        </test-method> <!-- LE_001 -->
        <test-method is-config="true" signature="acConfig()[pri:0, instance:testCaseRepo.TC_001@4b5a5ed1]" started-at="2026-03-26T13:14:39 IST" name="acConfig" finished-at="2026-03-26T13:14:40 IST" duration-ms="1082" status="PASS">
          <reporter-output>
          </reporter-output>
        </test-method> <!-- acConfig -->
      </class> <!-- testCaseRepo.TC_001 -->
    </test> <!-- Surefire test -->
  </suite> <!-- Surefire suite -->
</testng-results>
