<?xml version="1.0" encoding="UTF-8"?>
<testng-results ignored="0" total="1" passed="1" failed="0" skipped="0">
  <reporter-output>
  </reporter-output>
  <suite started-at="2026-03-26T11:05:44 IST" name="Surefire suite" finished-at="2026-03-26T11:06:08 IST" duration-ms="23638">
    <groups>
    </groups>
    <test started-at="2026-03-26T11:05:44 IST" name="Surefire test" finished-at="2026-03-26T11:06:08 IST" duration-ms="23638">
      <class name="testCaseRepo.TC_001">
        <test-method is-config="true" signature="bcConfig()[pri:0, instance:testCaseRepo.TC_001@363ee3a2]" started-at="2026-03-26T11:05:44 IST" name="bcConfig" finished-at="2026-03-26T11:05:51 IST" duration-ms="6478" status="PASS">
          <reporter-output>
          </reporter-output>
        </test-method> <!-- bcConfig -->
        <test-method is-config="true" signature="bmConfig()[pri:0, instance:testCaseRepo.TC_001@363ee3a2]" started-at="2026-03-26T11:05:51 IST" name="bmConfig" finished-at="2026-03-26T11:05:52 IST" duration-ms="876" status="PASS">
          <reporter-output>
          </reporter-output>
        </test-method> <!-- bmConfig -->
        <test-method signature="LE_001()[pri:0, instance:testCaseRepo.TC_001@363ee3a2]" started-at="2026-03-26T11:05:52 IST" name="LE_001" finished-at="2026-03-26T11:06:07 IST" duration-ms="15367" status="PASS">
          <reporter-output>
          </reporter-output>
        </test-method> <!-- LE_001 -->
        <test-method is-config="true" signature="acConfig()[pri:0, instance:testCaseRepo.TC_001@363ee3a2]" started-at="2026-03-26T11:06:07 IST" name="acConfig" finished-at="2026-03-26T11:06:08 IST" duration-ms="837" status="PASS">
          <reporter-output>
          </reporter-output>
        </test-method> <!-- acConfig -->
      </class> <!-- testCaseRepo.TC_001 -->
    </test> <!-- Surefire test -->
  </suite> <!-- Surefire suite -->
</testng-results>
