<?xml version="1.0" encoding="UTF-8"?>
<testng-results ignored="0" total="1" passed="1" failed="0" skipped="0">
  <reporter-output>
  </reporter-output>
  <suite started-at="2026-03-26T11:05:00 IST" name="Default suite" finished-at="2026-03-26T11:05:31 IST" duration-ms="30943">
    <groups>
    </groups>
    <test started-at="2026-03-26T11:05:00 IST" name="Default test" finished-at="2026-03-26T11:05:31 IST" duration-ms="30943">
      <class name="testCaseRepo.TC_001">
        <test-method is-config="true" signature="bcConfig()[pri:0, instance:testCaseRepo.TC_001@6a6cb05c]" started-at="2026-03-26T11:05:00 IST" name="bcConfig" finished-at="2026-03-26T11:05:08 IST" duration-ms="7936" status="PASS">
          <reporter-output>
          </reporter-output>
        </test-method> <!-- bcConfig -->
        <test-method is-config="true" signature="bmConfig()[pri:0, instance:testCaseRepo.TC_001@6a6cb05c]" started-at="2026-03-26T11:05:08 IST" name="bmConfig" finished-at="2026-03-26T11:05:09 IST" duration-ms="673" status="PASS">
          <reporter-output>
          </reporter-output>
        </test-method> <!-- bmConfig -->
        <test-method signature="LE_001()[pri:0, instance:testCaseRepo.TC_001@6a6cb05c]" started-at="2026-03-26T11:05:09 IST" name="LE_001" finished-at="2026-03-26T11:05:30 IST" duration-ms="21256" status="PASS">
          <reporter-output>
          </reporter-output>
        </test-method> <!-- LE_001 -->
        <test-method is-config="true" signature="acConfig()[pri:0, instance:testCaseRepo.TC_001@6a6cb05c]" started-at="2026-03-26T11:05:30 IST" name="acConfig" finished-at="2026-03-26T11:05:31 IST" duration-ms="981" status="PASS">
          <reporter-output>
          </reporter-output>
        </test-method> <!-- acConfig -->
      </class> <!-- testCaseRepo.TC_001 -->
    </test> <!-- Default test -->
  </suite> <!-- Default suite -->
</testng-results>
